<?xml version="1.0" encoding="UTF-8"?>
<testng-results skipped="0" failed="0" ignored="0" total="1" passed="1">
  <reporter-output>
  </reporter-output>
  <suite name="Suite" duration-ms="12756" started-at="2018-05-27T13:24:26Z" finished-at="2018-05-27T13:24:39Z">
    <groups>
    </groups>
    <test name="Test" duration-ms="12756" started-at="2018-05-27T13:24:26Z" finished-at="2018-05-27T13:24:39Z">
      <class name="testcases.TC001_Signup">
        <test-method status="PASS" signature="beforeTest()[pri:0, instance:testcases.TC001_Signup@eed359]" name="beforeTest" is-config="true" duration-ms="6449" started-at="2018-05-27T18:54:26Z" finished-at="2018-05-27T18:54:33Z">
          <reporter-output>
          </reporter-output>
        </test-method> <!-- beforeTest -->
        <test-method status="PASS" signature="loginAndLogout()[pri:0, instance:testcases.TC001_Signup@eed359]" name="loginAndLogout" duration-ms="5933" started-at="2018-05-27T18:54:33Z" finished-at="2018-05-27T18:54:39Z">
          <reporter-output>
          </reporter-output>
        </test-method> <!-- loginAndLogout -->
        <test-method status="PASS" signature="afterTest()[pri:0, instance:testcases.TC001_Signup@eed359]" name="afterTest" is-config="true" duration-ms="343" started-at="2018-05-27T18:54:39Z" finished-at="2018-05-27T18:54:39Z">
          <reporter-output>
          </reporter-output>
        </test-method> <!-- afterTest -->
      </class> <!-- testcases.TC001_Signup -->
    </test> <!-- Test -->
  </suite> <!-- Suite -->
</testng-results>
